<?xml version="1.0" encoding="UTF-8"?>
<!-- Generated by org.testng.reporters.JUnitReportReporter -->
<testsuite hostname="DESKTOP-IT0AO57" failures="0" tests="1" name="capstone.Ecommerce.SignupTest" time="44.651" errors="0" timestamp="2024-12-16T18:02:58 IST" skipped="0">
  <testcase classname="capstone.Ecommerce.SignupTest" name="testSignUp" time="44.651"/>
  <system-out/>
</testsuite> <!-- capstone.Ecommerce.SignupTest -->
