<?xml version="1.0" encoding="UTF-8"?>
<!-- Generated by org.testng.reporters.JUnitReportReporter -->
<testsuite hostname="DESKTOP-IT0AO57" failures="0" tests="1" name="capstone.Ecommerce.ValidatelinksTest" time="124.315" errors="0" timestamp="2024-12-18T14:17:36 IST" skipped="0">
  <testcase classname="capstone.Ecommerce.ValidatelinksTest" name="testFooterLinks" time="124.315"/>
  <system-out/>
</testsuite> <!-- capstone.Ecommerce.ValidatelinksTest -->
