<?xml version="1.0" encoding="UTF-8"?>
<!-- Generated by org.testng.reporters.JUnitReportReporter -->
<testsuite hostname="DESKTOP-IT0AO57" failures="0" tests="1" name="capstone.Ecommerce.AdditemtocartTest" time="39.137" errors="0" timestamp="2024-12-14T18:11:57 IST" skipped="0">
  <testcase classname="capstone.Ecommerce.AdditemtocartTest" name="testAddProduct" time="39.137"/>
  <system-out/>
</testsuite> <!-- capstone.Ecommerce.AdditemtocartTest -->
