<?xml version="1.0" encoding="UTF-8"?>
<!-- Generated by org.testng.reporters.JUnitReportReporter -->
<testsuite hostname="DESKTOP-IT0AO57" failures="0" tests="1" name="capstone.Ecommerce.AdditemfrombrandTest" time="58.874" errors="0" timestamp="2024-12-14T20:26:30 IST" skipped="0">
  <testcase classname="capstone.Ecommerce.AdditemfrombrandTest" name="testAddProductFromMenu" time="58.874"/>
  <system-out/>
</testsuite> <!-- capstone.Ecommerce.AdditemfrombrandTest -->
