<?xml version="1.0" encoding="UTF-8"?>
<!-- Generated by org.testng.reporters.JUnitReportReporter -->
<testsuite hostname="DESKTOP-IT0AO57" failures="0" tests="1" name="capstone.Ecommerce.AdditemtocartTest" time="29.083" errors="0" timestamp="2024-12-18T14:17:36 IST" skipped="0">
  <testcase classname="capstone.Ecommerce.AdditemtocartTest" name="testAddProduct" time="29.083"/>
  <system-out/>
</testsuite> <!-- capstone.Ecommerce.AdditemtocartTest -->
